Z:\OOT\TIC TAC TOE 2015\TIC TAC TOE\DEBUG\VC110.PDB
Z:\OOT\TIC TAC TOE 2015\TIC TAC TOE\DEBUG\AI.OBJ
Z:\OOT\TIC TAC TOE 2015\TIC TAC TOE\DEBUG\MAIN.OBJ
Z:\OOT\TIC TAC TOE 2015\TIC TAC TOE\DEBUG\TREE.OBJ
Z:\OOT\TIC TAC TOE 2015\DEBUG\TIC TAC TOE.ILK
Z:\OOT\TIC TAC TOE 2015\DEBUG\TIC TAC TOE.EXE
Z:\OOT\TIC TAC TOE 2015\DEBUG\TIC TAC TOE.PDB
Z:\OOT\Tic Tac Toe 2015\Tic Tac Toe\Debug\AI.obj
Z:\OOT\Tic Tac Toe 2015\Tic Tac Toe\Debug\Main.obj
Z:\OOT\Tic Tac Toe 2015\Tic Tac Toe\Debug\TREE.OBJ
Z:\OOT\Tic Tac Toe 2015\Tic Tac Toe\Debug\CL.read.1.tlog
Z:\OOT\Tic Tac Toe 2015\Tic Tac Toe\Debug\cl.write.1.tlog
Z:\OOT\Tic Tac Toe 2015\Tic Tac Toe\Debug\cl.command.1.tlog
Z:\OOT\Tic Tac Toe 2015\Tic Tac Toe\Debug\link-rc.read.1.tlog
Z:\OOT\Tic Tac Toe 2015\Tic Tac Toe\Debug\link-rc.write.1.tlog
Z:\OOT\Tic Tac Toe 2015\Tic Tac Toe\Debug\link-cvtres.read.1.tlog
Z:\OOT\Tic Tac Toe 2015\Tic Tac Toe\Debug\link-cvtres.write.1.tlog
Z:\OOT\Tic Tac Toe 2015\Tic Tac Toe\Debug\link.read.2.tlog
Z:\OOT\Tic Tac Toe 2015\Tic Tac Toe\Debug\link.read.1.tlog
Z:\OOT\Tic Tac Toe 2015\Tic Tac Toe\Debug\link.write.1.tlog
Z:\OOT\Tic Tac Toe 2015\Tic Tac Toe\Debug\link.command.1.tlog
Z:\OOT\Tic Tac Toe 2015\Tic Tac Toe\Debug\vc110.idb
Z:\OOT\Tic Tac Toe 2015\Tic Tac Toe\Debug\vc110.pdb
Z:\OOT\Tic Tac Toe 2015\Debug\Tic Tac Toe.pdb
Z:\OOT\Tic Tac Toe 2015\Debug\Tic Tac Toe.exe
Z:\OOT\Tic Tac Toe 2015\Debug\Tic Tac Toe.ilk
